<?xml version="1.0" encoding="UTF-8"?>
<!-- Generated by org.testng.reporters.JUnitReportReporter -->
<testsuite skipped="0" hostname="DESKTOP-38IQFP3" name="com.test.automation.UI.WebtalkTest.homepage.AvatarBannerUpload" tests="1" failures="0" timestamp="29 May 2018 19:17:35 GMT" time="31.568" errors="0">
  <testcase name="AvatarUpload" time="31.568" classname="com.test.automation.UI.WebtalkTest.homepage.AvatarBannerUpload"/>
</testsuite> <!-- com.test.automation.UI.WebtalkTest.homepage.AvatarBannerUpload -->
